Using pre-set license
Built from '2020.3/staging' branch; Version is '2020.3.25f1 (9b9180224418) revision 10195328'; Using compiler version '192528614'; Build Type 'Release'
OS: 'Windows 10  (10.0.19045) 64bit Professional' Language: 'de' Physical Memory: 16263 MB
BatchMode: 1, IsHumanControllingUs: 0, StartBugReporterOnCrash: 0, Is64bit: 1, IsPro: 0

COMMAND LINE ARGUMENTS:
C:\Program Files\Unity\Hub\Editor\2020.3.25f1\Editor\Unity.exe
-adb2
-batchMode
-noUpm
-name
AssetImportWorker0
-projectPath
C:/Users/Abdullah/Desktop/Kunai Hit
-logFile
Logs/AssetImportWorker0.log
-srvPort
63029
Successfully changed project path to: C:/Users/Abdullah/Desktop/Kunai Hit
C:/Users/Abdullah/Desktop/Kunai Hit
Using Asset Import Pipeline V2.
Refreshing native plugins compatible for Editor in 67.08 ms, found 3 plugins.
Preloading 0 native plugins for Editor in 0.00 ms.
Initialize engine version: 2020.3.25f1 (9b9180224418)
[Subsystems] Discovering subsystems at path C:/Program Files/Unity/Hub/Editor/2020.3.25f1/Editor/Data/Resources/UnitySubsystems
[Subsystems] Discovering subsystems at path C:/Users/Abdullah/Desktop/Kunai Hit/Assets
GfxDevice: creating device client; threaded=0
Direct3D:
    Version:  Direct3D 11.0 [level 11.1]
    Renderer: Intel(R) HD Graphics 520 (ID=0x1916)
    Vendor:   
    VRAM:     8131 MB
    Driver:   31.0.101.2111
Initialize mono
Mono path[0] = 'C:/Program Files/Unity/Hub/Editor/2020.3.25f1/Editor/Data/Managed'
Mono path[1] = 'C:/Program Files/Unity/Hub/Editor/2020.3.25f1/Editor/Data/MonoBleedingEdge/lib/mono/unityjit'
Mono config path = 'C:/Program Files/Unity/Hub/Editor/2020.3.25f1/Editor/Data/MonoBleedingEdge/etc'
Using monoOptions --debugger-agent=transport=dt_socket,embedding=1,server=y,suspend=n,address=127.0.0.1:56868
Begin MonoManager ReloadAssembly
Registering precompiled unity dll's ...
Register platform support module: C:/Program Files/Unity/Hub/Editor/2020.3.25f1/Editor/Data/PlaybackEngines/WindowsStandaloneSupport/UnityEditor.WindowsStandalone.Extensions.dll
Registered in 0.004031 seconds.
Native extension for WindowsStandalone target not found
Refreshing native plugins compatible for Editor in 59.95 ms, found 3 plugins.
Preloading 0 native plugins for Editor in 0.00 ms.
Mono: successfully reloaded assembly
- Completed reload, in  1.098 seconds
Domain Reload Profiling:
	ReloadAssembly (1099ms)
		BeginReloadAssembly (84ms)
			ExecutionOrderSort (0ms)
			DisableScriptedObjects (0ms)
			BackupInstance (0ms)
			ReleaseScriptingObjects (0ms)
			CreateAndSetChildDomain (1ms)
		EndReloadAssembly (855ms)
			LoadAssemblies (80ms)
			RebuildTransferFunctionScriptingTraits (0ms)
			SetupTypeCache (404ms)
			ReleaseScriptCaches (0ms)
			RebuildScriptCaches (50ms)
			SetupLoadedEditorAssemblies (243ms)
				LogAssemblyErrors (0ms)
				InitializePlatformSupportModulesInManaged (5ms)
				SetLoadedEditorAssemblies (0ms)
				RefreshPlugins (60ms)
				BeforeProcessingInitializeOnLoad (19ms)
				ProcessInitializeOnLoadAttributes (114ms)
				ProcessInitializeOnLoadMethodAttributes (44ms)
				AfterProcessingInitializeOnLoad (0ms)
				EditorAssembliesLoaded (0ms)
			ExecutionOrderSort2 (0ms)
			AwakeInstancesAfterBackupRestoration (0ms)
Platform modules already initialized, skipping
Registering precompiled user dll's ...
Registered in 0.007774 seconds.
Begin MonoManager ReloadAssembly
Native extension for WindowsStandalone target not found
Refreshing native plugins compatible for Editor in 85.11 ms, found 3 plugins.
Preloading 0 native plugins for Editor in 0.00 ms.
Mono: successfully reloaded assembly
- Completed reload, in  1.765 seconds
Domain Reload Profiling:
	ReloadAssembly (1766ms)
		BeginReloadAssembly (276ms)
			ExecutionOrderSort (0ms)
			DisableScriptedObjects (7ms)
			BackupInstance (0ms)
			ReleaseScriptingObjects (0ms)
			CreateAndSetChildDomain (34ms)
		EndReloadAssembly (1374ms)
			LoadAssemblies (177ms)
			RebuildTransferFunctionScriptingTraits (0ms)
			SetupTypeCache (443ms)
			ReleaseScriptCaches (1ms)
			RebuildScriptCaches (79ms)
			SetupLoadedEditorAssemblies (488ms)
				LogAssemblyErrors (0ms)
				InitializePlatformSupportModulesInManaged (6ms)
				SetLoadedEditorAssemblies (0ms)
				RefreshPlugins (85ms)
				BeforeProcessingInitializeOnLoad (111ms)
				ProcessInitializeOnLoadAttributes (252ms)
				ProcessInitializeOnLoadMethodAttributes (23ms)
				AfterProcessingInitializeOnLoad (10ms)
				EditorAssembliesLoaded (0ms)
			ExecutionOrderSort2 (0ms)
			AwakeInstancesAfterBackupRestoration (8ms)
Platform modules already initialized, skipping
========================================================================
Worker process is ready to serve import requests
Launched and connected shader compiler UnityShaderCompiler.exe after 0.09 seconds
Refreshing native plugins compatible for Editor in 0.94 ms, found 3 plugins.
Preloading 0 native plugins for Editor in 0.00 ms.
Unloading 2194 Unused Serialized files (Serialized files now loaded: 0)
System memory in use before: 95.8 MB.
System memory in use after: 95.8 MB.

Unloading 28 unused Assets to reduce memory usage. Loaded Objects now: 2627.
Total: 4.228400 ms (FindLiveObjects: 0.249700 ms CreateObjectMapping: 0.161800 ms MarkObjects: 3.695300 ms  DeleteObjects: 0.119600 ms)

AssetImportParameters requested are different than current active one (requested -> active):
  custom:framework-win-MediaFoundation: 216162199b28c13a410421893ffa2e32 -> 
  custom:video-decoder-ogg-theora: a1e56fd34408186e4bbccfd4996cb3dc -> 
  custom:container-muxer-webm: aa71ff27fc2769a1b78a27578f13a17b -> 
  custom:container-demuxer-webm: 4f35f7cbe854078d1ac9338744f61a02 -> 
  custom:container-demuxer-ogg: 62fdf1f143b41e24485cea50d1cbac27 -> 
  custom:video-encoder-webm-vp8: eb34c28f22e8b96e1ab97ce403110664 -> 
  custom:video-codec-MediaFoundation-h265: 746d11721c4dcdbdad8f713fa42b33f4 -> 
  custom:video-decoder-webm-vp8: 9c59270c3fd7afecdb556c50c9e8de78 -> 
  custom:audio-decoder-ogg-vorbis: bf7c407c2cedff20999df2af8eb42d56 -> 
  custom:audio-encoder-webm-vorbis: bf7c407c2cedff20999df2af8eb42d56 -> 
========================================================================
Received Import Request.
  path: Assets
  artifactKey: Guid(00000000000000001000000000000000) Importer(815301076,1909f56bfc062723c751e8b465ee728b)
Start importing Assets using Guid(00000000000000001000000000000000) Importer(815301076,1909f56bfc062723c751e8b465ee728b)  -> (artifact id: '42d402b061de3733987d63b9cc3b64de') in 0.014983 seconds 
  Import took 0.022122 seconds .

========================================================================
Received Import Request.
  Time since last request: 4.222424 seconds.
  path: Assets/Scripts
  artifactKey: Guid(d46297a6e9ebf3b469189d551a889b1f) Importer(815301076,1909f56bfc062723c751e8b465ee728b)
Start importing Assets/Scripts using Guid(d46297a6e9ebf3b469189d551a889b1f) Importer(815301076,1909f56bfc062723c751e8b465ee728b)  -> (artifact id: '15d90047520e4ec4fc8d58ff9f3af997') in 0.015066 seconds 
  Import took 0.024202 seconds .

========================================================================
Received Import Request.
  Time since last request: 13.302116 seconds.
  path: Assets/Sprites
  artifactKey: Guid(eb25ba5f7900fb44ca984deda0886c87) Importer(815301076,1909f56bfc062723c751e8b465ee728b)
Start importing Assets/Sprites using Guid(eb25ba5f7900fb44ca984deda0886c87) Importer(815301076,1909f56bfc062723c751e8b465ee728b)  -> (artifact id: '0a1a63583d4f343bfe5c79dcae4e0017') in 0.015447 seconds 
  Import took 0.024022 seconds .

========================================================================
Received Import Request.
  Time since last request: 154.820391 seconds.
  path: Assets/Sprites/Background.png
  artifactKey: Guid(c7c0baa7edbb86f45b93e6cb5b51983f) Importer(815301076,1909f56bfc062723c751e8b465ee728b)
Start importing Assets/Sprites/Background.png using Guid(c7c0baa7edbb86f45b93e6cb5b51983f) Importer(815301076,1909f56bfc062723c751e8b465ee728b)  -> (artifact id: '4c2f93e09a412bd84c8e7ded4ddf93a8') in 0.182355 seconds 
  Import took 0.190141 seconds .

========================================================================
Received Import Request.
  Time since last request: 0.000399 seconds.
  path: Assets/Sprites/Kunais_Left_2.png
  artifactKey: Guid(7b08bbf9e58ee3b4baad2a03154002c2) Importer(815301076,1909f56bfc062723c751e8b465ee728b)
Start importing Assets/Sprites/Kunais_Left_2.png using Guid(7b08bbf9e58ee3b4baad2a03154002c2) Importer(815301076,1909f56bfc062723c751e8b465ee728b)  -> (artifact id: '037e7eb343c32dd0dad37e1b830b31f8') in 0.038463 seconds 
  Import took 0.043875 seconds .

========================================================================
Received Import Request.
  Time since last request: 0.000393 seconds.
  path: Assets/Sprites/Log.png
  artifactKey: Guid(d2800b3b567d25044b36af90c903de0d) Importer(815301076,1909f56bfc062723c751e8b465ee728b)
Start importing Assets/Sprites/Log.png using Guid(d2800b3b567d25044b36af90c903de0d) Importer(815301076,1909f56bfc062723c751e8b465ee728b)  -> (artifact id: '59cb1694c3edad8ab70ccdc4a2996368') in 0.046090 seconds 
  Import took 0.051394 seconds .

========================================================================
Received Import Request.
  Time since last request: 0.000391 seconds.
  path: Assets/Sprites/Kunais_Left_1.png
  artifactKey: Guid(7bb1e67d1fd99f040a114c395350ee44) Importer(815301076,1909f56bfc062723c751e8b465ee728b)
Start importing Assets/Sprites/Kunais_Left_1.png using Guid(7bb1e67d1fd99f040a114c395350ee44) Importer(815301076,1909f56bfc062723c751e8b465ee728b)  -> (artifact id: 'a66a0fd95fa3ee7f1a137b40cf117a5b') in 0.038798 seconds 
  Import took 0.044801 seconds .

========================================================================
Received Import Request.
  Time since last request: 0.000411 seconds.
  path: Assets/Sprites/Kunai.png
  artifactKey: Guid(023659efee1c35d49a3dc2743293f7e9) Importer(815301076,1909f56bfc062723c751e8b465ee728b)
Start importing Assets/Sprites/Kunai.png using Guid(023659efee1c35d49a3dc2743293f7e9) Importer(815301076,1909f56bfc062723c751e8b465ee728b)  -> (artifact id: 'b0707965891d526dc3af0901f50c1ce7') in 0.039587 seconds 
  Import took 0.044448 seconds .

========================================================================
Received Import Request.
  Time since last request: 488.805836 seconds.
  path: Assets/Sprites/Background.png
  artifactKey: Guid(c7c0baa7edbb86f45b93e6cb5b51983f) Importer(815301076,1909f56bfc062723c751e8b465ee728b)
Start importing Assets/Sprites/Background.png using Guid(c7c0baa7edbb86f45b93e6cb5b51983f) Importer(815301076,1909f56bfc062723c751e8b465ee728b)  -> (artifact id: 'b706395246986411f5d28124816ad047') in 0.063862 seconds 
  Import took 0.095945 seconds .

========================================================================
Received Import Request.
  Time since last request: 0.000381 seconds.
  path: Assets/Sprites/Kunais_Left_2.png
  artifactKey: Guid(7b08bbf9e58ee3b4baad2a03154002c2) Importer(815301076,1909f56bfc062723c751e8b465ee728b)
Start importing Assets/Sprites/Kunais_Left_2.png using Guid(7b08bbf9e58ee3b4baad2a03154002c2) Importer(815301076,1909f56bfc062723c751e8b465ee728b)  -> (artifact id: 'd51e6d71dd765ec0a90ec286e1bcb0a4') in 0.044108 seconds 
  Import took 0.052994 seconds .

========================================================================
Received Import Request.
  Time since last request: 0.000438 seconds.
  path: Assets/Sprites/Log.png
  artifactKey: Guid(d2800b3b567d25044b36af90c903de0d) Importer(815301076,1909f56bfc062723c751e8b465ee728b)
Start importing Assets/Sprites/Log.png using Guid(d2800b3b567d25044b36af90c903de0d) Importer(815301076,1909f56bfc062723c751e8b465ee728b)  -> (artifact id: '79de8d008e236cd0dbef15ebdd208fe3') in 0.060740 seconds 
  Import took 0.070331 seconds .

========================================================================
Received Import Request.
  Time since last request: 0.000550 seconds.
  path: Assets/Sprites/Kunais_Left_1.png
  artifactKey: Guid(7bb1e67d1fd99f040a114c395350ee44) Importer(815301076,1909f56bfc062723c751e8b465ee728b)
Start importing Assets/Sprites/Kunais_Left_1.png using Guid(7bb1e67d1fd99f040a114c395350ee44) Importer(815301076,1909f56bfc062723c751e8b465ee728b)  -> (artifact id: 'ffc6b97a051af0c16f2488930b1ad064') in 0.060538 seconds 
  Import took 0.070778 seconds .

========================================================================
Received Import Request.
  Time since last request: 0.000455 seconds.
  path: Assets/Sprites/Kunai.png
  artifactKey: Guid(023659efee1c35d49a3dc2743293f7e9) Importer(815301076,1909f56bfc062723c751e8b465ee728b)
Start importing Assets/Sprites/Kunai.png using Guid(023659efee1c35d49a3dc2743293f7e9) Importer(815301076,1909f56bfc062723c751e8b465ee728b)  -> (artifact id: '3c4df31c9664f507c36404dfbd9812cb') in 0.057889 seconds 
  Import took 0.067260 seconds .

========================================================================
Received Import Request.
  Time since last request: 260.158784 seconds.
  path: Assets/Scenes/SampleScene.unity
  artifactKey: Guid(2cda990e2423bbf4892e6590ba056729) Importer(815301076,1909f56bfc062723c751e8b465ee728b)
Start importing Assets/Scenes/SampleScene.unity using Guid(2cda990e2423bbf4892e6590ba056729) Importer(815301076,1909f56bfc062723c751e8b465ee728b)  -> (artifact id: 'aa27944bdea339c97c39027c7eea529c') in 0.017419 seconds 
  Import took 0.027056 seconds .

========================================================================
Received Import Request.
  Time since last request: 20.051011 seconds.
  path: Assets/Scenes/GameScene.unity
  artifactKey: Guid(cd4351b1b844d4a45b40621aab25d2a5) Importer(815301076,1909f56bfc062723c751e8b465ee728b)
Start importing Assets/Scenes/GameScene.unity using Guid(cd4351b1b844d4a45b40621aab25d2a5) Importer(815301076,1909f56bfc062723c751e8b465ee728b)  -> (artifact id: '087344bee581a20bf140d44f1dff4443') in 0.020536 seconds 
  Import took 0.027874 seconds .

========================================================================
Received Import Request.
  Time since last request: 78.993978 seconds.
  path: Assets/Scripts/GameController.cs
  artifactKey: Guid(4e301aeb8fc9fc64a973a86470dbcfa4) Importer(815301076,1909f56bfc062723c751e8b465ee728b)
Start importing Assets/Scripts/GameController.cs using Guid(4e301aeb8fc9fc64a973a86470dbcfa4) Importer(815301076,1909f56bfc062723c751e8b465ee728b)  -> (artifact id: '98b533382c8c9c11f0b0c45e8bcea3e3') in 0.066158 seconds 
  Import took 0.075291 seconds .

========================================================================
Received Prepare
Registering precompiled user dll's ...
Registered in 0.020886 seconds.
Begin MonoManager ReloadAssembly
Native extension for WindowsStandalone target not found
Refreshing native plugins compatible for Editor in 1.13 ms, found 3 plugins.
Preloading 0 native plugins for Editor in 0.00 ms.
Mono: successfully reloaded assembly
- Completed reload, in 76.849 seconds
Domain Reload Profiling:
	ReloadAssembly (76850ms)
		BeginReloadAssembly (35606ms)
			ExecutionOrderSort (0ms)
			DisableScriptedObjects (3673ms)
			BackupInstance (0ms)
			ReleaseScriptingObjects (0ms)
			CreateAndSetChildDomain (11478ms)
		EndReloadAssembly (31438ms)
			LoadAssemblies (28439ms)
			RebuildTransferFunctionScriptingTraits (0ms)
			SetupTypeCache (9582ms)
			ReleaseScriptCaches (2ms)
			RebuildScriptCaches (140ms)
			SetupLoadedEditorAssemblies (635ms)
				LogAssemblyErrors (0ms)
				InitializePlatformSupportModulesInManaged (13ms)
				SetLoadedEditorAssemblies (1ms)
				RefreshPlugins (1ms)
				BeforeProcessingInitializeOnLoad (212ms)
				ProcessInitializeOnLoadAttributes (373ms)
				ProcessInitializeOnLoadMethodAttributes (19ms)
				AfterProcessingInitializeOnLoad (14ms)
				EditorAssembliesLoaded (0ms)
			ExecutionOrderSort2 (0ms)
			AwakeInstancesAfterBackupRestoration (21ms)
Platform modules already initialized, skipping
Refreshing native plugins compatible for Editor in 0.90 ms, found 3 plugins.
Preloading 0 native plugins for Editor in 0.00 ms.
Unloading 2184 Unused Serialized files (Serialized files now loaded: 0)
System memory in use before: 98.1 MB.
System memory in use after: 98.2 MB.

Unloading 17 unused Assets to reduce memory usage. Loaded Objects now: 2644.
Total: 6.544800 ms (FindLiveObjects: 0.314100 ms CreateObjectMapping: 0.249800 ms MarkObjects: 5.710600 ms  DeleteObjects: 0.267800 ms)

AssetImportParameters requested are different than current active one (requested -> active):
  custom:framework-win-MediaFoundation: 216162199b28c13a410421893ffa2e32 -> 
  custom:video-decoder-ogg-theora: a1e56fd34408186e4bbccfd4996cb3dc -> 
  custom:container-muxer-webm: aa71ff27fc2769a1b78a27578f13a17b -> 
  custom:container-demuxer-webm: 4f35f7cbe854078d1ac9338744f61a02 -> 
  custom:container-demuxer-ogg: 62fdf1f143b41e24485cea50d1cbac27 -> 
  custom:video-encoder-webm-vp8: eb34c28f22e8b96e1ab97ce403110664 -> 
  custom:video-codec-MediaFoundation-h265: 746d11721c4dcdbdad8f713fa42b33f4 -> 
  custom:video-decoder-webm-vp8: 9c59270c3fd7afecdb556c50c9e8de78 -> 
  custom:audio-decoder-ogg-vorbis: bf7c407c2cedff20999df2af8eb42d56 -> 
  custom:audio-encoder-webm-vorbis: bf7c407c2cedff20999df2af8eb42d56 -> 
